[debug] [2019-09-08T08:17:31.381Z] ----------------------------------------------------------------------
[debug] [2019-09-08T08:17:31.383Z] Command:       /usr/local/bin/node /usr/local/bin/firebase deploy
[debug] [2019-09-08T08:17:31.383Z] CLI Version:   7.3.1
[debug] [2019-09-08T08:17:31.383Z] Platform:      darwin
[debug] [2019-09-08T08:17:31.383Z] Node Version:  v10.15.3
[debug] [2019-09-08T08:17:31.384Z] Time:          Sun Sep 08 2019 11:17:31 GMT+0300 (Moscow Standard Time)
[debug] [2019-09-08T08:17:31.384Z] ----------------------------------------------------------------------
[debug] 
[debug] [2019-09-08T08:17:31.390Z] > command requires scopes: ["email","openid","https://www.googleapis.com/auth/cloudplatformprojects.readonly","https://www.googleapis.com/auth/firebase","https://www.googleapis.com/auth/cloud-platform"]
[debug] [2019-09-08T08:17:31.390Z] > authorizing via signed-in user
[debug] [2019-09-08T08:17:31.390Z] [iam] checking project medibot-2c684 for permissions ["cloudfunctions.functions.create","cloudfunctions.functions.delete","cloudfunctions.functions.get","cloudfunctions.functions.list","cloudfunctions.functions.update","cloudfunctions.operations.get","firebase.projects.get","firebasehosting.sites.update"]
[debug] [2019-09-08T08:17:31.391Z] >>> HTTP REQUEST POST https://cloudresourcemanager.googleapis.com/v1/projects/medibot-2c684:testIamPermissions  

[debug] [2019-09-08T08:17:32.290Z] <<< HTTP RESPONSE 200
[debug] [2019-09-08T08:17:32.293Z] >>> HTTP REQUEST GET https://firebase.googleapis.com/v1beta1/projects/medibot-2c684  
 
[debug] [2019-09-08T08:17:32.561Z] <<< HTTP RESPONSE 200
[info] 
[info] === Deploying to 'medibot-2c684'...
[info] 
[info] i  deploying functions, hosting
[debug] [2019-09-08T08:17:33.127Z] > [functions] package.json contents: {
  "name": "functions",
  "description": "Cloud Functions for Firebase",
  "scripts": {
    "serve": "firebase serve --only functions",
    "shell": "firebase functions:shell",
    "start": "npm run shell",
    "deploy": "firebase deploy --only functions",
    "logs": "firebase functions:log"
  },
  "engines": {
    "node": "8"
  },
  "dependencies": {
    "firebase-admin": "^8.0.0",
    "firebase-functions": "^3.1.0",
    "googleapis": "^43.0.0"
  },
  "devDependencies": {
    "firebase-functions-test": "^0.1.6"
  },
  "private": true
}
[info] i  functions: ensuring necessary APIs are enabled...
[debug] [2019-09-08T08:17:33.128Z] >>> HTTP REQUEST GET https://serviceusage.googleapis.com/v1/projects/medibot-2c684/services/cloudfunctions.googleapis.com  
 
[debug] [2019-09-08T08:17:33.128Z] >>> HTTP REQUEST GET https://serviceusage.googleapis.com/v1/projects/medibot-2c684/services/runtimeconfig.googleapis.com  
 
[debug] [2019-09-08T08:17:34.032Z] <<< HTTP RESPONSE 200
[debug] [2019-09-08T08:17:34.059Z] <<< HTTP RESPONSE 200
[info] ✔  functions: all necessary APIs are enabled
[debug] [2019-09-08T08:17:34.060Z] >>> HTTP REQUEST GET https://firebase.googleapis.com/v1beta1/projects/medibot-2c684/adminSdkConfig  
 
[debug] [2019-09-08T08:17:34.297Z] <<< HTTP RESPONSE 200
[debug] [2019-09-08T08:17:34.299Z] >>> HTTP REQUEST POST https://firebasehosting.googleapis.com/v1beta1/sites/medibot-2c684/versions  

[debug] [2019-09-08T08:17:35.667Z] <<< HTTP RESPONSE 200
[info] i  functions: preparing functions directory for uploading...
[debug] [2019-09-08T08:17:35.670Z] >>> HTTP REQUEST GET https://runtimeconfig.googleapis.com/v1beta1/projects/medibot-2c684/configs  
 
[debug] [2019-09-08T08:17:36.840Z] <<< HTTP RESPONSE 200
[info] i  functions: packaged functions (7.19 KB) for uploading
[debug] [2019-09-08T08:17:37.265Z] >>> HTTP REQUEST POST https://cloudfunctions.googleapis.com/v1/projects/medibot-2c684/locations/us-central1/functions:generateUploadUrl  
 
[debug] [2019-09-08T08:17:37.918Z] <<< HTTP RESPONSE 200
[debug] [2019-09-08T08:17:37.919Z] >>> HTTP REQUEST PUT https://storage.googleapis.com/gcf-upload-us-central1-b19de89e-9a40-48f6-ba0e-5d4f5e9b124a/4d6b6b8a-5125-47b9-9e2e-900a426794be.zip?GoogleAccessId=service-343364565136@gcf-admin-robot.iam.gserviceaccount.com&Expires=1567932457&Signature=n3hdxrsDvca6srNrfl4EyjvlOPEsH%2FnAViHfqWneE2rn6G8WvjX6Uzc1LlvLs1q0fdOU0bhi25Nq%2FRVYAswCHU1HtnQx9MKtcIddjzL%2FmWcVQx1WdfppDcfbcPklpgMV3JOPCzrj%2F4jOYQz9MdmL%2F7pCQ8q1d19eZeX5iqzaYyOZzUzTPdP5Nz8Z6WqJZPASGusR1b%2FqOSwj%2BzUYRfTm4VIiYrW7svdZQbsYGFlXgOGrpAD2bNegcCXHAnKFDW2OAeOzX5Cth2DnXmkhvfxoFr4dP92hCEzzfgowPMi3yDnO%2Fo8PtYmUX9hHYs4eJmhh%2F2c8q9FsachOQCSzrnVfng%3D%3D  
 <request body omitted>
[debug] [2019-09-08T08:17:38.180Z] <<< HTTP RESPONSE 200
[info] ✔  functions: functions folder uploaded successfully
[info] i  hosting[medibot-2c684]: beginning deploy...
[info] i  hosting[medibot-2c684]: found 28 files in build
[debug] [2019-09-08T08:17:38.192Z] [hosting] hash cache [YnVpbGQ] load error: lines is not defined
[debug] [2019-09-08T08:17:38.381Z] [hosting] hash cache [YnVpbGQ] stored for 28 files
[debug] [2019-09-08T08:17:38.382Z] [hosting][hash queue][FINAL]
[debug] [2019-09-08T08:17:38.382Z] >>> HTTP REQUEST POST https://firebasehosting.googleapis.com/v1beta1/sites/medibot-2c684/versions/102e3dbd9df2e151:populateFiles  
 <request body omitted>
[debug] [2019-09-08T08:17:40.172Z] <<< HTTP RESPONSE 200
[debug] [2019-09-08T08:17:40.177Z] [hosting][populate queue][FINAL]
[debug] [2019-09-08T08:17:40.178Z] [hosting] uploads queued: 6
[debug] [2019-09-08T08:17:42.905Z] [hosting][upload queue][FINAL]
[info] ✔  hosting[medibot-2c684]: file upload complete
[debug] [2019-09-08T08:17:42.906Z] [hosting] deploy completed after 4724ms
[debug] [2019-09-08T08:17:42.994Z] >>> HTTP REQUEST GET https://cloudfunctions.googleapis.com/v1/projects/medibot-2c684/locations/-/functions  
 
[debug] [2019-09-08T08:17:43.373Z] <<< HTTP RESPONSE 200
[info] i  functions: updating Node.js 8 function suggestHospital(us-central1)...
[debug] [2019-09-08T08:17:43.376Z] Trigger is:  {"httpsTrigger":{}}
[info] i  functions: updating Node.js 8 function schedule(us-central1)...
[debug] [2019-09-08T08:17:43.376Z] Trigger is:  {"httpsTrigger":{}}
[info] i  functions: updating Node.js 8 function patientFind(us-central1)...
[debug] [2019-09-08T08:17:43.376Z] Trigger is:  {"httpsTrigger":{}}
[info] i  functions: updating Node.js 8 function initialGreeting(us-central1)...
[debug] [2019-09-08T08:17:43.377Z] Trigger is:  {"httpsTrigger":{}}
[debug] [2019-09-08T08:17:43.377Z] >>> HTTP REQUEST GET https://serviceusage.googleapis.com/v1/projects/medibot-2c684/services/cloudscheduler.googleapis.com  
 
[debug] [2019-09-08T08:17:44.273Z] <<< HTTP RESPONSE 200
[debug] [2019-09-08T08:17:44.275Z] >>> HTTP REQUEST PATCH https://cloudfunctions.googleapis.com/v1/projects/medibot-2c684/locations/us-central1/functions/suggestHospital {"updateMask":"sourceUploadUrl,name,labels,runtime,httpsTrigger"} 

[debug] [2019-09-08T08:17:44.276Z] >>> HTTP REQUEST PATCH https://cloudfunctions.googleapis.com/v1/projects/medibot-2c684/locations/us-central1/functions/schedule {"updateMask":"sourceUploadUrl,name,labels,runtime,httpsTrigger"} 

[debug] [2019-09-08T08:17:44.277Z] >>> HTTP REQUEST PATCH https://cloudfunctions.googleapis.com/v1/projects/medibot-2c684/locations/us-central1/functions/patientFind {"updateMask":"sourceUploadUrl,name,labels,runtime,httpsTrigger"} 

[debug] [2019-09-08T08:17:44.278Z] >>> HTTP REQUEST PATCH https://cloudfunctions.googleapis.com/v1/projects/medibot-2c684/locations/us-central1/functions/initialGreeting {"updateMask":"sourceUploadUrl,name,labels,runtime,httpsTrigger"} 

[debug] [2019-09-08T08:17:44.643Z] <<< HTTP RESPONSE 200
[debug] [2019-09-08T08:17:44.644Z] <<< HTTP RESPONSE 200
[debug] [2019-09-08T08:17:44.646Z] <<< HTTP RESPONSE 200
[debug] [2019-09-08T08:17:44.661Z] <<< HTTP RESPONSE 200
[debug] [2019-09-08T08:17:44.663Z] >>> HTTP REQUEST GET https://cloudfunctions.googleapis.com/v1/projects/medibot-2c684/locations/-/functions  
 
[debug] [2019-09-08T08:17:45.087Z] <<< HTTP RESPONSE 200
[debug] [2019-09-08T08:17:45.088Z] >>> HTTP REQUEST GET https://cloudfunctions.googleapis.com/v1/operations/bWVkaWJvdC0yYzY4NC91cy1jZW50cmFsMS9zdWdnZXN0SG9zcGl0YWwvTjllZWhvREpycFU  
 
[debug] [2019-09-08T08:17:45.089Z] >>> HTTP REQUEST GET https://cloudfunctions.googleapis.com/v1/operations/bWVkaWJvdC0yYzY4NC91cy1jZW50cmFsMS9zY2hlZHVsZS9SQVpnb29iYVZONA  
 
[debug] [2019-09-08T08:17:45.089Z] >>> HTTP REQUEST GET https://cloudfunctions.googleapis.com/v1/operations/bWVkaWJvdC0yYzY4NC91cy1jZW50cmFsMS9wYXRpZW50RmluZC9fSU1JSHpKdmtqcw  
 
[debug] [2019-09-08T08:17:45.089Z] >>> HTTP REQUEST GET https://cloudfunctions.googleapis.com/v1/operations/bWVkaWJvdC0yYzY4NC91cy1jZW50cmFsMS9pbml0aWFsR3JlZXRpbmcvcTZydWZJWFJkeWs  
 
[debug] [2019-09-08T08:17:45.349Z] <<< HTTP RESPONSE 200
[debug] [2019-09-08T08:17:45.354Z] <<< HTTP RESPONSE 200
[debug] [2019-09-08T08:17:45.357Z] <<< HTTP RESPONSE 200
[debug] [2019-09-08T08:17:45.360Z] <<< HTTP RESPONSE 200
[debug] [2019-09-08T08:17:47.354Z] >>> HTTP REQUEST GET https://cloudfunctions.googleapis.com/v1/operations/bWVkaWJvdC0yYzY4NC91cy1jZW50cmFsMS9wYXRpZW50RmluZC9fSU1JSHpKdmtqcw  
 
[debug] [2019-09-08T08:17:47.355Z] >>> HTTP REQUEST GET https://cloudfunctions.googleapis.com/v1/operations/bWVkaWJvdC0yYzY4NC91cy1jZW50cmFsMS9zY2hlZHVsZS9SQVpnb29iYVZONA  
 
[debug] [2019-09-08T08:17:47.358Z] >>> HTTP REQUEST GET https://cloudfunctions.googleapis.com/v1/operations/bWVkaWJvdC0yYzY4NC91cy1jZW50cmFsMS9pbml0aWFsR3JlZXRpbmcvcTZydWZJWFJkeWs  
 
[debug] [2019-09-08T08:17:47.360Z] >>> HTTP REQUEST GET https://cloudfunctions.googleapis.com/v1/operations/bWVkaWJvdC0yYzY4NC91cy1jZW50cmFsMS9zdWdnZXN0SG9zcGl0YWwvTjllZWhvREpycFU  
 
[debug] [2019-09-08T08:17:47.576Z] <<< HTTP RESPONSE 200
[debug] [2019-09-08T08:17:47.617Z] <<< HTTP RESPONSE 200
[debug] [2019-09-08T08:17:47.621Z] <<< HTTP RESPONSE 200
[debug] [2019-09-08T08:17:47.622Z] <<< HTTP RESPONSE 200
[debug] [2019-09-08T08:17:49.577Z] >>> HTTP REQUEST GET https://cloudfunctions.googleapis.com/v1/operations/bWVkaWJvdC0yYzY4NC91cy1jZW50cmFsMS9zdWdnZXN0SG9zcGl0YWwvTjllZWhvREpycFU  
 
[debug] [2019-09-08T08:17:49.619Z] >>> HTTP REQUEST GET https://cloudfunctions.googleapis.com/v1/operations/bWVkaWJvdC0yYzY4NC91cy1jZW50cmFsMS9wYXRpZW50RmluZC9fSU1JSHpKdmtqcw  
 
[debug] [2019-09-08T08:17:49.622Z] >>> HTTP REQUEST GET https://cloudfunctions.googleapis.com/v1/operations/bWVkaWJvdC0yYzY4NC91cy1jZW50cmFsMS9zY2hlZHVsZS9SQVpnb29iYVZONA  
 
[debug] [2019-09-08T08:17:49.623Z] >>> HTTP REQUEST GET https://cloudfunctions.googleapis.com/v1/operations/bWVkaWJvdC0yYzY4NC91cy1jZW50cmFsMS9pbml0aWFsR3JlZXRpbmcvcTZydWZJWFJkeWs  
 
[debug] [2019-09-08T08:17:49.825Z] <<< HTTP RESPONSE 200
[debug] [2019-09-08T08:17:49.872Z] <<< HTTP RESPONSE 200
[debug] [2019-09-08T08:17:49.874Z] <<< HTTP RESPONSE 200
[debug] [2019-09-08T08:17:49.885Z] <<< HTTP RESPONSE 200
[debug] [2019-09-08T08:17:51.825Z] >>> HTTP REQUEST GET https://cloudfunctions.googleapis.com/v1/operations/bWVkaWJvdC0yYzY4NC91cy1jZW50cmFsMS9zdWdnZXN0SG9zcGl0YWwvTjllZWhvREpycFU  
 
[debug] [2019-09-08T08:17:51.873Z] >>> HTTP REQUEST GET https://cloudfunctions.googleapis.com/v1/operations/bWVkaWJvdC0yYzY4NC91cy1jZW50cmFsMS9zY2hlZHVsZS9SQVpnb29iYVZONA  
 
[debug] [2019-09-08T08:17:51.874Z] >>> HTTP REQUEST GET https://cloudfunctions.googleapis.com/v1/operations/bWVkaWJvdC0yYzY4NC91cy1jZW50cmFsMS9wYXRpZW50RmluZC9fSU1JSHpKdmtqcw  
 
[debug] [2019-09-08T08:17:51.887Z] >>> HTTP REQUEST GET https://cloudfunctions.googleapis.com/v1/operations/bWVkaWJvdC0yYzY4NC91cy1jZW50cmFsMS9pbml0aWFsR3JlZXRpbmcvcTZydWZJWFJkeWs  
 
[debug] [2019-09-08T08:17:52.142Z] <<< HTTP RESPONSE 200
[debug] [2019-09-08T08:17:52.175Z] <<< HTTP RESPONSE 200
[debug] [2019-09-08T08:17:52.185Z] <<< HTTP RESPONSE 200
[debug] [2019-09-08T08:17:52.200Z] <<< HTTP RESPONSE 200
[debug] [2019-09-08T08:17:54.146Z] >>> HTTP REQUEST GET https://cloudfunctions.googleapis.com/v1/operations/bWVkaWJvdC0yYzY4NC91cy1jZW50cmFsMS9wYXRpZW50RmluZC9fSU1JSHpKdmtqcw  
 
[debug] [2019-09-08T08:17:54.176Z] >>> HTTP REQUEST GET https://cloudfunctions.googleapis.com/v1/operations/bWVkaWJvdC0yYzY4NC91cy1jZW50cmFsMS9zdWdnZXN0SG9zcGl0YWwvTjllZWhvREpycFU  
 
[debug] [2019-09-08T08:17:54.187Z] >>> HTTP REQUEST GET https://cloudfunctions.googleapis.com/v1/operations/bWVkaWJvdC0yYzY4NC91cy1jZW50cmFsMS9zY2hlZHVsZS9SQVpnb29iYVZONA  
 
[debug] [2019-09-08T08:17:54.201Z] >>> HTTP REQUEST GET https://cloudfunctions.googleapis.com/v1/operations/bWVkaWJvdC0yYzY4NC91cy1jZW50cmFsMS9pbml0aWFsR3JlZXRpbmcvcTZydWZJWFJkeWs  
 
[debug] [2019-09-08T08:17:54.491Z] <<< HTTP RESPONSE 200
[debug] [2019-09-08T08:17:54.494Z] <<< HTTP RESPONSE 200
[debug] [2019-09-08T08:17:54.495Z] <<< HTTP RESPONSE 200
[debug] [2019-09-08T08:17:54.496Z] <<< HTTP RESPONSE 200
[debug] [2019-09-08T08:17:56.495Z] >>> HTTP REQUEST GET https://cloudfunctions.googleapis.com/v1/operations/bWVkaWJvdC0yYzY4NC91cy1jZW50cmFsMS9zdWdnZXN0SG9zcGl0YWwvTjllZWhvREpycFU  
 
[debug] [2019-09-08T08:17:56.496Z] >>> HTTP REQUEST GET https://cloudfunctions.googleapis.com/v1/operations/bWVkaWJvdC0yYzY4NC91cy1jZW50cmFsMS9wYXRpZW50RmluZC9fSU1JSHpKdmtqcw  
 
[debug] [2019-09-08T08:17:56.498Z] >>> HTTP REQUEST GET https://cloudfunctions.googleapis.com/v1/operations/bWVkaWJvdC0yYzY4NC91cy1jZW50cmFsMS9pbml0aWFsR3JlZXRpbmcvcTZydWZJWFJkeWs  
 
[debug] [2019-09-08T08:17:56.499Z] >>> HTTP REQUEST GET https://cloudfunctions.googleapis.com/v1/operations/bWVkaWJvdC0yYzY4NC91cy1jZW50cmFsMS9zY2hlZHVsZS9SQVpnb29iYVZONA  
 
[debug] [2019-09-08T08:17:56.877Z] <<< HTTP RESPONSE 200
[debug] [2019-09-08T08:17:56.881Z] <<< HTTP RESPONSE 200
[debug] [2019-09-08T08:17:56.887Z] <<< HTTP RESPONSE 200
[debug] [2019-09-08T08:17:56.914Z] <<< HTTP RESPONSE 200
[debug] [2019-09-08T08:17:58.878Z] >>> HTTP REQUEST GET https://cloudfunctions.googleapis.com/v1/operations/bWVkaWJvdC0yYzY4NC91cy1jZW50cmFsMS9zdWdnZXN0SG9zcGl0YWwvTjllZWhvREpycFU  
 
[debug] [2019-09-08T08:17:58.883Z] >>> HTTP REQUEST GET https://cloudfunctions.googleapis.com/v1/operations/bWVkaWJvdC0yYzY4NC91cy1jZW50cmFsMS9pbml0aWFsR3JlZXRpbmcvcTZydWZJWFJkeWs  
 
[debug] [2019-09-08T08:17:58.888Z] >>> HTTP REQUEST GET https://cloudfunctions.googleapis.com/v1/operations/bWVkaWJvdC0yYzY4NC91cy1jZW50cmFsMS9zY2hlZHVsZS9SQVpnb29iYVZONA  
 
[debug] [2019-09-08T08:17:58.916Z] >>> HTTP REQUEST GET https://cloudfunctions.googleapis.com/v1/operations/bWVkaWJvdC0yYzY4NC91cy1jZW50cmFsMS9wYXRpZW50RmluZC9fSU1JSHpKdmtqcw  
 
[debug] [2019-09-08T08:17:59.133Z] <<< HTTP RESPONSE 200
[debug] [2019-09-08T08:17:59.137Z] <<< HTTP RESPONSE 200
[debug] [2019-09-08T08:17:59.144Z] <<< HTTP RESPONSE 200
[debug] [2019-09-08T08:17:59.175Z] <<< HTTP RESPONSE 200
[debug] [2019-09-08T08:18:01.136Z] >>> HTTP REQUEST GET https://cloudfunctions.googleapis.com/v1/operations/bWVkaWJvdC0yYzY4NC91cy1jZW50cmFsMS9zdWdnZXN0SG9zcGl0YWwvTjllZWhvREpycFU  
 
[debug] [2019-09-08T08:18:01.138Z] >>> HTTP REQUEST GET https://cloudfunctions.googleapis.com/v1/operations/bWVkaWJvdC0yYzY4NC91cy1jZW50cmFsMS9zY2hlZHVsZS9SQVpnb29iYVZONA  
 
[debug] [2019-09-08T08:18:01.145Z] >>> HTTP REQUEST GET https://cloudfunctions.googleapis.com/v1/operations/bWVkaWJvdC0yYzY4NC91cy1jZW50cmFsMS9pbml0aWFsR3JlZXRpbmcvcTZydWZJWFJkeWs  
 
[debug] [2019-09-08T08:18:01.178Z] >>> HTTP REQUEST GET https://cloudfunctions.googleapis.com/v1/operations/bWVkaWJvdC0yYzY4NC91cy1jZW50cmFsMS9wYXRpZW50RmluZC9fSU1JSHpKdmtqcw  
 
[debug] [2019-09-08T08:18:01.349Z] <<< HTTP RESPONSE 200
[debug] [2019-09-08T08:18:01.351Z] <<< HTTP RESPONSE 200
[debug] [2019-09-08T08:18:01.382Z] <<< HTTP RESPONSE 200
[debug] [2019-09-08T08:18:01.388Z] <<< HTTP RESPONSE 200
[debug] [2019-09-08T08:18:03.351Z] >>> HTTP REQUEST GET https://cloudfunctions.googleapis.com/v1/operations/bWVkaWJvdC0yYzY4NC91cy1jZW50cmFsMS9pbml0aWFsR3JlZXRpbmcvcTZydWZJWFJkeWs  
 
[debug] [2019-09-08T08:18:03.352Z] >>> HTTP REQUEST GET https://cloudfunctions.googleapis.com/v1/operations/bWVkaWJvdC0yYzY4NC91cy1jZW50cmFsMS9zdWdnZXN0SG9zcGl0YWwvTjllZWhvREpycFU  
 
[debug] [2019-09-08T08:18:03.384Z] >>> HTTP REQUEST GET https://cloudfunctions.googleapis.com/v1/operations/bWVkaWJvdC0yYzY4NC91cy1jZW50cmFsMS9wYXRpZW50RmluZC9fSU1JSHpKdmtqcw  
 
[debug] [2019-09-08T08:18:03.389Z] >>> HTTP REQUEST GET https://cloudfunctions.googleapis.com/v1/operations/bWVkaWJvdC0yYzY4NC91cy1jZW50cmFsMS9zY2hlZHVsZS9SQVpnb29iYVZONA  
 
[debug] [2019-09-08T08:18:03.585Z] <<< HTTP RESPONSE 200
[debug] [2019-09-08T08:18:03.610Z] <<< HTTP RESPONSE 200
[debug] [2019-09-08T08:18:03.610Z] <<< HTTP RESPONSE 200
[debug] [2019-09-08T08:18:03.617Z] <<< HTTP RESPONSE 200
[debug] [2019-09-08T08:18:05.588Z] >>> HTTP REQUEST GET https://cloudfunctions.googleapis.com/v1/operations/bWVkaWJvdC0yYzY4NC91cy1jZW50cmFsMS9wYXRpZW50RmluZC9fSU1JSHpKdmtqcw  
 
[debug] [2019-09-08T08:18:05.612Z] >>> HTTP REQUEST GET https://cloudfunctions.googleapis.com/v1/operations/bWVkaWJvdC0yYzY4NC91cy1jZW50cmFsMS9zdWdnZXN0SG9zcGl0YWwvTjllZWhvREpycFU  
 
[debug] [2019-09-08T08:18:05.612Z] >>> HTTP REQUEST GET https://cloudfunctions.googleapis.com/v1/operations/bWVkaWJvdC0yYzY4NC91cy1jZW50cmFsMS9pbml0aWFsR3JlZXRpbmcvcTZydWZJWFJkeWs  
 
[debug] [2019-09-08T08:18:05.617Z] >>> HTTP REQUEST GET https://cloudfunctions.googleapis.com/v1/operations/bWVkaWJvdC0yYzY4NC91cy1jZW50cmFsMS9zY2hlZHVsZS9SQVpnb29iYVZONA  
 
[debug] [2019-09-08T08:18:05.849Z] <<< HTTP RESPONSE 200
[debug] [2019-09-08T08:18:05.856Z] <<< HTTP RESPONSE 200
[debug] [2019-09-08T08:18:05.866Z] <<< HTTP RESPONSE 200
[debug] [2019-09-08T08:18:05.870Z] <<< HTTP RESPONSE 200
